<?xml version="1.0" encoding="UTF-8"?>
<!-- Generated by org.testng.reporters.JUnitXMLReporter -->
<testsuite hostname="Infva06522" ignored="5" name="Test" tests="1" failures="0" timestamp="13 Mar 2019 09:17:24 GMT" time="0.031" errors="0">
  <testcase name="regression" time="0.015" classname="day8.Grouping"/>
  <testcase name="perform" time="0.0" classname="day8.Grouping">
    <ignored/>
  </testcase> <!-- perform -->
  <testcase name="smoke" time="0.0" classname="day8.Grouping">
    <ignored/>
  </testcase> <!-- smoke -->
  <testcase name="smoke1" time="0.0" classname="day8.Grouping">
    <ignored/>
  </testcase> <!-- smoke1 -->
  <testcase name="sanity" time="0.0" classname="day8.Grouping">
    <ignored/>
  </testcase> <!-- sanity -->
  <testcase name="functional" time="0.0" classname="day8.Grouping">
    <ignored/>
  </testcase> <!-- functional -->
</testsuite> <!-- Test -->
